\BOOKMARK [1][-]{section.1}{Introduction}{}% 1
\BOOKMARK [1][-]{section.2}{Notation}{}% 2
\BOOKMARK [1][-]{section.3}{Estimating i,j}{}% 3
\BOOKMARK [2][-]{subsection.3.1}{Estimators}{section.3}% 4
\BOOKMARK [1][-]{section.4}{Importance Sampling Approach}{}% 5
\BOOKMARK [1][-]{section.5}{Observe then exploit}{}% 6
\BOOKMARK [2][-]{subsection.5.1}{Basic idea}{section.5}% 7
\BOOKMARK [2][-]{subsection.5.2}{Alternate Observe and Exploit With Some Decay}{section.5}% 8
\BOOKMARK [2][-]{subsection.5.3}{Observe until number of plausibly optional arms < }{section.5}% 9
\BOOKMARK [3][-]{subsubsection.5.3.1}{Regret during observe phase}{subsection.5.3}% 10
\BOOKMARK [3][-]{subsubsection.5.3.2}{Regret on observing for h rounds before switching to UCB}{subsection.5.3}% 11
\BOOKMARK [3][-]{subsubsection.5.3.3}{General rough thoughts}{subsection.5.3}% 12
\BOOKMARK [2][-]{subsection.5.4}{Bounding a weighted sum of unbiased estimators with McDiarmid's Ineqaulity}{section.5}% 13
\BOOKMARK [2][-]{subsection.5.5}{Targeted Sampling}{section.5}% 14
\BOOKMARK [2][-]{subsection.5.6}{UCB variant}{section.5}% 15
\BOOKMARK [1][-]{section.6}{Algorithm}{}% 16
\BOOKMARK [1][-]{section.7}{Theorems}{}% 17
\BOOKMARK [1][-]{section.8}{Experiments}{}% 18
\BOOKMARK [1][-]{section.9}{Conclusion}{}% 19
\BOOKMARK [1][-]{section.10}{Notes}{}% 20
\BOOKMARK [2][-]{subsection.10.1}{Why Hoeffdings bound doesn't hold if n is a random variable}{section.10}% 21
\BOOKMARK [2][-]{subsection.10.2}{Importance weighted estimators}{section.10}% 22
